<?xml version="1.0" encoding="utf-8"?><testsuites name="pytest tests"><testsuite name="pytest" errors="0" failures="0" skipped="0" tests="12" time="2.793" timestamp="2026-03-19T06:33:51.950628+00:00" hostname="agent-env-d7c99cd6-2cd8-4118-b4f4-cce37d0a5bbd"><testcase classname="backend.tests.test_iter8_edit_setup.TestSetupEndpoints" name="test_setup_status_returns_false_when_users_exist" time="0.681" /><testcase classname="backend.tests.test_iter8_edit_setup.TestSetupEndpoints" name="test_setup_status_no_auth_required" time="0.104" /><testcase classname="backend.tests.test_iter8_edit_setup.TestSetupEndpoints" name="test_setup_init_returns_403_when_users_exist" time="0.101" /><testcase classname="backend.tests.test_iter8_edit_setup.TestSetupEndpoints" name="test_setup_init_no_auth_required" time="0.124" /><testcase classname="backend.tests.test_iter8_edit_setup.TestEditComputer" name="test_put_updates_record_and_returns_200" time="0.150" /><testcase classname="backend.tests.test_iter8_edit_setup.TestEditComputer" name="test_put_preserves_created_at_and_created_by" time="0.162" /><testcase classname="backend.tests.test_iter8_edit_setup.TestEditComputer" name="test_put_returns_404_for_nonexistent_record" time="0.082" /><testcase classname="backend.tests.test_iter8_edit_setup.TestEditComputer" name="test_put_technician_cannot_set_donated" time="0.706" /><testcase classname="backend.tests.test_iter8_edit_setup.TestEditComputer" name="test_put_technician_cannot_set_sold" time="0.085" /><testcase classname="backend.tests.test_iter8_edit_setup.TestEditComputer" name="test_put_technician_can_set_in_stock" time="0.090" /><testcase classname="backend.tests.test_iter8_edit_setup.TestEditComputer" name="test_put_verify_existing_records_accessible" time="0.162" /><testcase classname="backend.tests.test_iter8_edit_setup.TestEditComputer" name="test_put_returns_full_record_structure" time="0.216" /></testsuite></testsuites>