<?xml version="1.0" encoding="utf-8"?><testsuites name="pytest tests"><testsuite name="pytest" errors="0" failures="0" skipped="0" tests="11" time="8.089" timestamp="2026-03-19T05:08:24.215878+00:00" hostname="agent-env-d7c99cd6-2cd8-4118-b4f4-cce37d0a5bbd"><testcase classname="backend.tests.test_iter7_pending_filter_csv.TestPendingRecordCreation" name="test_pending_review_record_exists" time="2.196" /><testcase classname="backend.tests.test_iter7_pending_filter_csv.TestPendingRecordCreation" name="test_pending_delivery_record_exists" time="0.427" /><testcase classname="backend.tests.test_iter7_pending_filter_csv.TestPendingRecordCreation" name="test_list_computers_includes_pending" time="0.442" /><testcase classname="backend.tests.test_iter7_pending_filter_csv.TestPendingRecordCreation" name="test_status_patch_to_pending_review" time="0.839" /><testcase classname="backend.tests.test_iter7_pending_filter_csv.TestPendingRecordCreation" name="test_status_patch_to_pending_delivery" time="0.837" /><testcase classname="backend.tests.test_iter7_pending_filter_csv.TestBackendCSVExport" name="test_csv_export_endpoint_returns_200" time="0.402" /><testcase classname="backend.tests.test_iter7_pending_filter_csv.TestBackendCSVExport" name="test_csv_has_manufacturer_column" time="0.423" /><testcase classname="backend.tests.test_iter7_pending_filter_csv.TestBackendCSVExport" name="test_csv_has_modal_column_backend" time="0.394" /><testcase classname="backend.tests.test_iter7_pending_filter_csv.TestBackendCSVExport" name="test_csv_pending_records_data" time="0.406" /><testcase classname="backend.tests.test_iter7_pending_filter_csv.TestFilterLogicVerification" name="test_pending_filter_covers_both_statuses" time="0.399" /><testcase classname="backend.tests.test_iter7_pending_filter_csv.TestFilterLogicVerification" name="test_in_stock_filter_excludes_pending" time="1.209" /></testsuite></testsuites>