<?xml version="1.0" encoding="utf-8"?><testsuites name="pytest tests"><testsuite name="pytest" errors="0" failures="0" skipped="0" tests="13" time="6.709" timestamp="2026-03-19T04:28:26.566314+00:00" hostname="agent-env-d7c99cd6-2cd8-4118-b4f4-cce37d0a5bbd"><testcase classname="backend.tests.test_iter5_rbac_csv.TestAdminUserManagement" name="test_admin_can_list_users" time="1.179" /><testcase classname="backend.tests.test_iter5_rbac_csv.TestAdminUserManagement" name="test_admin_user_list_has_required_fields" time="0.398" /><testcase classname="backend.tests.test_iter5_rbac_csv.TestAdminUserManagement" name="test_technician_cannot_list_users" time="1.121" /><testcase classname="backend.tests.test_iter5_rbac_csv.TestAdminUserManagement" name="test_technician_cannot_create_user" time="0.386" /><testcase classname="backend.tests.test_iter5_rbac_csv.TestAdminUserManagement" name="test_technician_cannot_delete_user" time="0.397" /><testcase classname="backend.tests.test_iter5_rbac_csv.TestAdminUserManagement" name="test_technician_cannot_reset_password" time="0.394" /><testcase classname="backend.tests.test_iter5_rbac_csv.TestAdminUserManagement" name="test_unauthenticated_cannot_list_users" time="0.397" /><testcase classname="backend.tests.test_iter5_rbac_csv.TestCSVExportBackend" name="test_admin_can_export_csv" time="0.398" /><testcase classname="backend.tests.test_iter5_rbac_csv.TestCSVExportBackend" name="test_csv_has_correct_headers" time="0.399" /><testcase classname="backend.tests.test_iter5_rbac_csv.TestCSVExportBackend" name="test_technician_can_export_csv" time="0.400" /><testcase classname="backend.tests.test_iter5_rbac_csv.TestCSVExportBackend" name="test_unauthenticated_cannot_export_csv" time="0.384" /><testcase classname="backend.tests.test_iter5_rbac_csv.TestAuthMe" name="test_admin_role" time="0.399" /><testcase classname="backend.tests.test_iter5_rbac_csv.TestAuthMe" name="test_technician_role" time="0.395" /></testsuite></testsuites>