<?xml version="1.0" encoding="utf-8"?><testsuites name="pytest tests"><testsuite name="pytest" errors="0" failures="0" skipped="0" tests="13" time="2.253" timestamp="2026-03-20T01:28:01.184668+00:00" hostname="agent-env-d7c99cd6-2cd8-4118-b4f4-cce37d0a5bbd"><testcase classname="backend.tests.test_iter9_last_login_mobile_print.TestIndexHtml" name="test_index_no_emergent_main_js" time="0.261" /><testcase classname="backend.tests.test_iter9_last_login_mobile_print.TestIndexHtml" name="test_index_no_posthog" time="0.184" /><testcase classname="backend.tests.test_iter9_last_login_mobile_print.TestIndexHtml" name="test_index_no_emergent_badge" time="0.073" /><testcase classname="backend.tests.test_iter9_last_login_mobile_print.TestIndexHtml" name="test_index_title_c4k" time="0.086" /><testcase classname="backend.tests.test_iter9_last_login_mobile_print.TestLastLogin" name="test_login_returns_200" time="0.328" /><testcase classname="backend.tests.test_iter9_last_login_mobile_print.TestLastLogin" name="test_admin_users_returns_last_login_field" time="0.415" /><testcase classname="backend.tests.test_iter9_last_login_mobile_print.TestLastLogin" name="test_login_updates_last_login" time="0.427" /><testcase classname="backend.tests.test_iter9_last_login_mobile_print.TestLastLogin" name="test_admin_users_response_structure" time="0.370" /><testcase classname="backend.tests.test_iter9_last_login_mobile_print.TestPrintCssFile" name="test_no_broken_body_not_rule" time="0.000" /><testcase classname="backend.tests.test_iter9_last_login_mobile_print.TestPrintCssFile" name="test_oig_has_page_break_inside_avoid" time="0.000" /><testcase classname="backend.tests.test_iter9_last_login_mobile_print.TestPrintCssFile" name="test_aside_hidden_in_print" time="0.000" /><testcase classname="backend.tests.test_iter9_last_login_mobile_print.TestNoHardcodedLocalhost" name="test_no_localhost_in_frontend_src" time="0.004" /><testcase classname="backend.tests.test_iter9_last_login_mobile_print.TestNoHardcodedLocalhost" name="test_no_127_in_frontend_src" time="0.003" /></testsuite></testsuites>