<?xml version="1.0" encoding="utf-8"?><testsuites name="pytest tests"><testsuite name="pytest" errors="0" failures="0" skipped="0" tests="12" time="14.121" timestamp="2026-03-19T03:15:40.070077+00:00" hostname="agent-env-7e91447a-a901-4c6b-bf2e-aa96d7b43014"><testcase classname="backend.tests.test_rbac_pagination_actlog.TestAdminAuth" name="test_admin_login" time="0.834" /><testcase classname="backend.tests.test_rbac_pagination_actlog.TestAdminAuth" name="test_admin_me_role" time="1.174" /><testcase classname="backend.tests.test_rbac_pagination_actlog.TestComputerAuditFields" name="test_create_computer_sets_created_by" time="1.448" /><testcase classname="backend.tests.test_rbac_pagination_actlog.TestComputerAuditFields" name="test_update_computer_sets_updated_by" time="1.008" /><testcase classname="backend.tests.test_rbac_pagination_actlog.TestComputerAuditFields" name="test_get_computer_returns_updated_by" time="1.116" /><testcase classname="backend.tests.test_rbac_pagination_actlog.TestComputerAuditFields" name="test_cleanup_test_computer" time="1.077" /><testcase classname="backend.tests.test_rbac_pagination_actlog.TestRBACAdminUserRoutes" name="test_create_technician_user" time="1.632" /><testcase classname="backend.tests.test_rbac_pagination_actlog.TestRBACAdminUserRoutes" name="test_technician_cannot_create_user" time="1.672" /><testcase classname="backend.tests.test_rbac_pagination_actlog.TestRBACAdminUserRoutes" name="test_delete_computer_works_for_admin" time="2.260" /><testcase classname="backend.tests.test_rbac_pagination_actlog.TestRBACAdminUserRoutes" name="test_cleanup_technician" time="1.026" /><testcase classname="backend.tests.test_rbac_pagination_actlog.TestRBACAdminUserRoutes" name="test_post_admin_users_without_admin_token_returns_401" time="0.424" /><testcase classname="backend.tests.test_rbac_pagination_actlog.TestRBACAdminUserRoutes" name="test_list_users_requires_admin" time="0.396" /></testsuite></testsuites>