<?xml version="1.0" encoding="utf-8"?><testsuites name="pytest tests"><testsuite name="pytest" errors="0" failures="0" skipped="0" tests="12" time="7.076" timestamp="2026-03-19T04:52:48.752624+00:00" hostname="agent-env-d7c99cd6-2cd8-4118-b4f4-cce37d0a5bbd"><testcase classname="backend.tests.test_iter6_search_print.TestHealthCheck" name="test_api_health" time="0.418" /><testcase classname="backend.tests.test_iter6_search_print.TestExpandedSearchFields" name="test_computers_list_returns_manufacturer_field" time="1.125" /><testcase classname="backend.tests.test_iter6_search_print.TestExpandedSearchFields" name="test_computers_list_returns_modal_field" time="0.417" /><testcase classname="backend.tests.test_iter6_search_print.TestExpandedSearchFields" name="test_existing_record_has_manufacturer_and_modal" time="0.516" /><testcase classname="backend.tests.test_iter6_search_print.TestExpandedSearchFields" name="test_search_record_test_batch_exists" time="0.395" /><testcase classname="backend.tests.test_iter6_search_print.TestBatchPrintPrerequisites" name="test_all_records_have_serial_no_for_print_route" time="0.409" /><testcase classname="backend.tests.test_iter6_search_print.TestBatchPrintPrerequisites" name="test_multiple_records_exist_for_batch_print" time="0.389" /><testcase classname="backend.tests.test_iter6_search_print.TestBatchPrintPrerequisites" name="test_records_have_required_print_fields" time="0.406" /><testcase classname="backend.tests.test_iter6_search_print.TestCRUDRegression" name="test_get_computers_list" time="0.416" /><testcase classname="backend.tests.test_iter6_search_print.TestCRUDRegression" name="test_get_single_computer" time="0.421" /><testcase classname="backend.tests.test_iter6_search_print.TestCRUDRegression" name="test_status_patch_endpoint_works" time="0.394" /><testcase classname="backend.tests.test_iter6_search_print.TestCRUDRegression" name="test_create_and_delete_computer" time="1.711" /></testsuite></testsuites>