<?xml version="1.0" encoding="utf-8"?><testsuites name="pytest tests"><testsuite name="pytest" errors="0" failures="0" skipped="0" tests="16" time="10.325" timestamp="2026-03-19T02:30:50.374882+00:00" hostname="agent-env-7e91447a-a901-4c6b-bf2e-aa96d7b43014"><testcase classname="backend.tests.test_new_features.TestLoginReturnsRole" name="test_login_returns_role" time="0.818" /><testcase classname="backend.tests.test_new_features.TestLoginReturnsRole" name="test_login_returns_username" time="0.639" /><testcase classname="backend.tests.test_new_features.TestAdminUserManagement" name="test_get_users_list" time="1.139" /><testcase classname="backend.tests.test_new_features.TestAdminUserManagement" name="test_create_user" time="1.042" /><testcase classname="backend.tests.test_new_features.TestAdminUserManagement" name="test_created_user_appears_in_list" time="0.399" /><testcase classname="backend.tests.test_new_features.TestAdminUserManagement" name="test_create_duplicate_user_returns_409" time="0.428" /><testcase classname="backend.tests.test_new_features.TestAdminUserManagement" name="test_reset_user_password" time="0.659" /><testcase classname="backend.tests.test_new_features.TestAdminUserManagement" name="test_reset_nonexistent_user_returns_404" time="0.661" /><testcase classname="backend.tests.test_new_features.TestAdminUserManagement" name="test_cannot_delete_own_account" time="0.387" /><testcase classname="backend.tests.test_new_features.TestAdminUserManagement" name="test_delete_user" time="0.391" /><testcase classname="backend.tests.test_new_features.TestAdminUserManagement" name="test_deleted_user_not_in_list" time="0.415" /><testcase classname="backend.tests.test_new_features.TestNonAdminAccess" name="test_create_tech_user_for_auth_test" time="1.045" /><testcase classname="backend.tests.test_new_features.TestNonAdminAccess" name="test_tech_cannot_access_admin_users" time="1.045" /><testcase classname="backend.tests.test_new_features.TestNonAdminAccess" name="test_cleanup_tech_user" time="0.416" /><testcase classname="backend.tests.test_new_features.TestComputerFiltering" name="test_get_computers" time="0.386" /><testcase classname="backend.tests.test_new_features.TestComputerFiltering" name="test_computers_have_inventory_status" time="0.394" /></testsuite></testsuites>