<?xml version="1.0" encoding="utf-8"?><testsuites name="pytest tests"><testsuite name="pytest" errors="0" failures="0" skipped="0" tests="17" time="8.059" timestamp="2026-03-19T01:49:10.297947+00:00" hostname="agent-env-7e91447a-a901-4c6b-bf2e-aa96d7b43014"><testcase classname="backend.tests.test_c4k_api.TestAuth" name="test_login_invalid" time="0.556" /><testcase classname="backend.tests.test_c4k_api.TestAuth" name="test_login_admin" time="0.709" /><testcase classname="backend.tests.test_c4k_api.TestAuth" name="test_change_password" time="0.580" /><testcase classname="backend.tests.test_c4k_api.TestAuth" name="test_change_password_mismatch" time="0.357" /><testcase classname="backend.tests.test_c4k_api.TestAuth" name="test_get_me" time="0.353" /><testcase classname="backend.tests.test_c4k_api.TestAuth" name="test_get_me_no_auth" time="0.353" /><testcase classname="backend.tests.test_c4k_api.TestComputers" name="test_list_computers" time="0.602" /><testcase classname="backend.tests.test_c4k_api.TestComputers" name="test_create_computer" time="0.714" /><testcase classname="backend.tests.test_c4k_api.TestComputers" name="test_create_duplicate_serial" time="0.355" /><testcase classname="backend.tests.test_c4k_api.TestComputers" name="test_get_computer" time="0.357" /><testcase classname="backend.tests.test_c4k_api.TestComputers" name="test_update_computer" time="0.370" /><testcase classname="backend.tests.test_c4k_api.TestComputers" name="test_update_status" time="0.363" /><testcase classname="backend.tests.test_c4k_api.TestComputers" name="test_update_status_invalid" time="0.354" /><testcase classname="backend.tests.test_c4k_api.TestComputers" name="test_qr_code" time="0.589" /><testcase classname="backend.tests.test_c4k_api.TestComputers" name="test_export_csv" time="0.689" /><testcase classname="backend.tests.test_c4k_api.TestComputers" name="test_delete_computer" time="0.355" /><testcase classname="backend.tests.test_c4k_api.TestComputers" name="test_get_deleted_computer" time="0.354" /></testsuite></testsuites>