<?xml version="1.0" encoding="utf-8"?><testsuites name="pytest tests"><testsuite name="pytest" errors="0" failures="0" skipped="0" tests="19" time="17.725" timestamp="2026-03-20T03:24:28.563187+00:00" hostname="agent-env-d7a2516b-540a-4c7c-b913-c57b69519643"><testcase classname="backend.tests.test_iter10_docker_deployment.TestHealthAndSetupEndpoints" name="test_health_endpoint_returns_ok" time="0.590" /><testcase classname="backend.tests.test_iter10_docker_deployment.TestHealthAndSetupEndpoints" name="test_setup_status_without_auth" time="0.430" /><testcase classname="backend.tests.test_iter10_docker_deployment.TestHealthAndSetupEndpoints" name="test_api_prefix_routing_works" time="0.961" /><testcase classname="backend.tests.test_iter10_docker_deployment.TestAuthenticationFlow" name="test_login_with_valid_credentials" time="0.662" /><testcase classname="backend.tests.test_iter10_docker_deployment.TestAuthenticationFlow" name="test_login_with_invalid_credentials" time="0.415" /><testcase classname="backend.tests.test_iter10_docker_deployment.TestAuthenticationFlow" name="test_me_endpoint_requires_auth" time="0.436" /><testcase classname="backend.tests.test_iter10_docker_deployment.TestAuthenticationFlow" name="test_me_endpoint_with_valid_token" time="1.053" /><testcase classname="backend.tests.test_iter10_docker_deployment.TestInventoryCRUD" name="test_list_computers_requires_auth" time="0.405" /><testcase classname="backend.tests.test_iter10_docker_deployment.TestInventoryCRUD" name="test_list_computers_with_auth" time="1.095" /><testcase classname="backend.tests.test_iter10_docker_deployment.TestInventoryCRUD" name="test_create_computer" time="1.097" /><testcase classname="backend.tests.test_iter10_docker_deployment.TestInventoryCRUD" name="test_get_computer_by_serial" time="1.885" /><testcase classname="backend.tests.test_iter10_docker_deployment.TestInventoryCRUD" name="test_update_computer" time="2.355" /><testcase classname="backend.tests.test_iter10_docker_deployment.TestInventoryCRUD" name="test_update_status" time="1.874" /><testcase classname="backend.tests.test_iter10_docker_deployment.TestInventoryCRUD" name="test_delete_computer" time="1.848" /><testcase classname="backend.tests.test_iter10_docker_deployment.TestCSVExport" name="test_csv_export_requires_auth" time="0.403" /><testcase classname="backend.tests.test_iter10_docker_deployment.TestCSVExport" name="test_csv_export_with_auth" time="1.056" /><testcase classname="backend.tests.test_iter10_docker_deployment.TestAdminUserManagement" name="test_list_users_requires_admin" time="1.047" /><testcase classname="backend.tests.test_iter10_docker_deployment.TestAPIURLConfiguration" name="test_base_url_not_undefined" time="0.000" /><testcase classname="backend.tests.test_iter10_docker_deployment.TestAPIURLConfiguration" name="test_api_base_properly_formed" time="0.000" /></testsuite></testsuites>