<?xml version="1.0" encoding="utf-8"?><testsuites name="pytest tests"><testsuite name="pytest" errors="0" failures="0" skipped="0" tests="17" time="13.413" timestamp="2026-03-19T04:09:42.684937+00:00" hostname="agent-env-d7c99cd6-2cd8-4118-b4f4-cce37d0a5bbd"><testcase classname="backend.tests.test_iter4_new_features.TestTechnicianStatusRestrictions" name="test_tech_cannot_set_donated_via_patch" time="4.254" /><testcase classname="backend.tests.test_iter4_new_features.TestTechnicianStatusRestrictions" name="test_tech_cannot_set_sold_via_patch" time="0.442" /><testcase classname="backend.tests.test_iter4_new_features.TestTechnicianStatusRestrictions" name="test_tech_can_set_processing_via_patch" time="0.415" /><testcase classname="backend.tests.test_iter4_new_features.TestTechnicianStatusRestrictions" name="test_tech_can_set_in_stock_via_patch" time="0.423" /><testcase classname="backend.tests.test_iter4_new_features.TestTechnicianStatusRestrictions" name="test_tech_can_set_pending_review_via_patch" time="0.402" /><testcase classname="backend.tests.test_iter4_new_features.TestTechnicianStatusRestrictions" name="test_tech_can_set_pending_delivery_via_patch" time="0.396" /><testcase classname="backend.tests.test_iter4_new_features.TestTechnicianStatusRestrictions" name="test_admin_can_set_donated" time="0.397" /><testcase classname="backend.tests.test_iter4_new_features.TestTechnicianStatusRestrictions" name="test_admin_can_set_sold" time="0.813" /><testcase classname="backend.tests.test_iter4_new_features.TestTechnicianPUTRestrictions" name="test_tech_cannot_put_with_donated_status" time="0.834" /><testcase classname="backend.tests.test_iter4_new_features.TestTechnicianPUTRestrictions" name="test_tech_cannot_put_with_sold_status" time="0.845" /><testcase classname="backend.tests.test_iter4_new_features.TestTechnicianPUTRestrictions" name="test_tech_can_put_with_in_stock_status" time="0.797" /><testcase classname="backend.tests.test_iter4_new_features.TestInvalidStatus" name="test_invalid_status_returns_400" time="0.413" /><testcase classname="backend.tests.test_iter4_new_features.TestInvalidStatus" name="test_nonexistent_serial_returns_404" time="0.421" /><testcase classname="backend.tests.test_iter4_new_features.TestBackendHealthAndComputers" name="test_list_computers_as_admin" time="0.418" /><testcase classname="backend.tests.test_iter4_new_features.TestBackendHealthAndComputers" name="test_get_specific_computer" time="0.408" /><testcase classname="backend.tests.test_iter4_new_features.TestBackendHealthAndComputers" name="test_qr_endpoint_still_exists" time="0.434" /><testcase classname="backend.tests.test_iter4_new_features.TestBackendHealthAndComputers" name="test_csv_export" time="1.182" /></testsuite></testsuites>